2018-09-25 21:08:23.664 [main] INFO  com.zy.traval.TravalApplication - Starting TravalApplication on Jimy-PC with PID 6132 (H:\traval\target\classes started by Jimy in H:\traval)
2018-09-25 21:08:23.680 [main] INFO  com.zy.traval.TravalApplication - No active profile set, falling back to default profiles: default
2018-09-25 21:08:23.895 [main] INFO  o.s.b.w.s.c.AnnotationConfigServletWebServerApplicationContext - Refreshing org.springframework.boot.web.servlet.context.AnnotationConfigServletWebServerApplicationContext@23bb8b: startup date [Tue Sep 25 21:08:23 CST 2018]; root of context hierarchy
2018-09-25 21:08:26.407 [main] INFO  o.s.c.s.PostProcessorRegistrationDelegate$BeanPostProcessorChecker - Bean 'org.springframework.transaction.annotation.ProxyTransactionManagementConfiguration' of type [org.springframework.transaction.annotation.ProxyTransactionManagementConfiguration$$EnhancerBySpringCGLIB$$352a51a8] is not eligible for getting processed by all BeanPostProcessors (for example: not eligible for auto-proxying)
2018-09-25 21:08:27.318 [main] INFO  o.s.boot.web.embedded.tomcat.TomcatWebServer - Tomcat initialized with port(s): 8080 (http)
2018-09-25 21:08:27.349 [main] INFO  org.apache.coyote.http11.Http11NioProtocol - Initializing ProtocolHandler ["http-nio-8080"]
2018-09-25 21:08:27.371 [main] INFO  org.apache.catalina.core.StandardService - Starting service [Tomcat]
2018-09-25 21:08:27.371 [main] INFO  org.apache.catalina.core.StandardEngine - Starting Servlet Engine: Apache Tomcat/8.5.34
2018-09-25 21:08:27.449 [localhost-startStop-1] INFO  org.apache.catalina.core.AprLifecycleListener - The APR based Apache Tomcat Native library which allows optimal performance in production environments was not found on the java.library.path: [D:\jdk\bin;C:\Windows\Sun\Java\bin;C:\Windows\system32;C:\Windows;C:\ProgramData\Oracle\Java\javapath;C:\Program Files (x86)\AMD APP\bin\x86_64;C:\Program Files (x86)\AMD APP\bin\x86;C:\Windows\system32;C:\Windows;C:\Windows\System32\Wbem;C:\Windows\System32\WindowsPowerShell\v1.0\;C:\Program Files (x86)\ATI Technologies\ATI.ACE\Core-Static;C:\Program Files (x86)\AMD\ATI.ACE\Core-Static;D:\svn\bin;C:\Program Files\Git\cmd;.]
2018-09-25 21:08:27.699 [localhost-startStop-1] INFO  o.a.c.core.ContainerBase.[Tomcat].[localhost].[/] - Initializing Spring embedded WebApplicationContext
2018-09-25 21:08:27.699 [localhost-startStop-1] INFO  org.springframework.web.context.ContextLoader - Root WebApplicationContext: initialization completed in 3804 ms
2018-09-25 21:08:27.922 [localhost-startStop-1] INFO  o.s.boot.web.servlet.ServletRegistrationBean - Servlet dispatcherServlet mapped to [/]
2018-09-25 21:08:27.922 [localhost-startStop-1] INFO  o.s.boot.web.servlet.FilterRegistrationBean - Mapping filter: 'characterEncodingFilter' to: [/*]
2018-09-25 21:08:27.922 [localhost-startStop-1] INFO  o.s.boot.web.servlet.FilterRegistrationBean - Mapping filter: 'hiddenHttpMethodFilter' to: [/*]
2018-09-25 21:08:27.922 [localhost-startStop-1] INFO  o.s.boot.web.servlet.FilterRegistrationBean - Mapping filter: 'httpPutFormContentFilter' to: [/*]
2018-09-25 21:08:27.922 [localhost-startStop-1] INFO  o.s.boot.web.servlet.FilterRegistrationBean - Mapping filter: 'requestContextFilter' to: [/*]
2018-09-25 21:08:27.922 [localhost-startStop-1] INFO  o.s.boot.web.servlet.FilterRegistrationBean - Mapping filter: 'resourceUrlEncodingFilter' to: [/*]
2018-09-25 21:08:28.346 [main] INFO  o.s.orm.jpa.LocalContainerEntityManagerFactoryBean - Building JPA container EntityManagerFactory for persistence unit 'default'
2018-09-25 21:08:28.362 [main] INFO  org.hibernate.jpa.internal.util.LogHelper - HHH000204: Processing PersistenceUnitInfo [
	name: default
	...]
2018-09-25 21:08:28.523 [main] INFO  org.hibernate.Version - HHH000412: Hibernate Core {5.2.17.Final}
2018-09-25 21:08:28.525 [main] INFO  org.hibernate.cfg.Environment - HHH000206: hibernate.properties not found
2018-09-25 21:08:28.606 [main] INFO  org.hibernate.annotations.common.Version - HCANN000001: Hibernate Commons Annotations {5.0.1.Final}
2018-09-25 21:08:28.871 [main] INFO  com.zaxxer.hikari.HikariDataSource - HikariPool-1 - Starting...
2018-09-25 21:08:29.237 [main] INFO  com.zaxxer.hikari.HikariDataSource - HikariPool-1 - Start completed.
2018-09-25 21:08:29.268 [main] INFO  org.hibernate.dialect.Dialect - HHH000400: Using dialect: org.hibernate.dialect.MySQL5Dialect
2018-09-25 21:08:30.319 [main] INFO  o.s.orm.jpa.LocalContainerEntityManagerFactoryBean - Initialized JPA EntityManagerFactory for persistence unit 'default'
2018-09-25 21:08:31.031 [main] INFO  o.s.web.servlet.handler.SimpleUrlHandlerMapping - Mapped URL path [/**/favicon.ico] onto handler of type [class org.springframework.web.servlet.resource.ResourceHttpRequestHandler]
2018-09-25 21:08:31.508 [main] INFO  o.s.w.s.m.m.a.RequestMappingHandlerAdapter - Looking for @ControllerAdvice: org.springframework.boot.web.servlet.context.AnnotationConfigServletWebServerApplicationContext@23bb8b: startup date [Tue Sep 25 21:08:23 CST 2018]; root of context hierarchy
2018-09-25 21:08:31.586 [main] WARN  o.s.b.a.o.j.JpaBaseConfiguration$JpaWebConfiguration$JpaWebMvcConfiguration - spring.jpa.open-in-view is enabled by default. Therefore, database queries may be performed during view rendering. Explicitly configure spring.jpa.open-in-view to disable this warning
2018-09-25 21:08:31.649 [main] INFO  o.s.w.s.m.m.a.RequestMappingHandlerMapping - Mapped "{[/index]}" onto public java.lang.String com.zy.traval.controller.TestController.index(org.springframework.ui.Model)
2018-09-25 21:08:31.649 [main] INFO  o.s.w.s.m.m.a.RequestMappingHandlerMapping - Mapped "{[/test]}" onto public com.zy.traval.common.util.ResponMap com.zy.traval.controller.TestController.test()
2018-09-25 21:08:31.649 [main] INFO  o.s.w.s.m.m.a.RequestMappingHandlerMapping - Mapped "{[/test2]}" onto public java.lang.String com.zy.traval.controller.TestController.all()
2018-09-25 21:08:31.664 [main] INFO  o.s.w.s.m.m.a.RequestMappingHandlerMapping - Mapped "{[/error]}" onto public org.springframework.http.ResponseEntity<java.util.Map<java.lang.String, java.lang.Object>> org.springframework.boot.autoconfigure.web.servlet.error.BasicErrorController.error(javax.servlet.http.HttpServletRequest)
2018-09-25 21:08:31.664 [main] INFO  o.s.w.s.m.m.a.RequestMappingHandlerMapping - Mapped "{[/error],produces=[text/html]}" onto public org.springframework.web.servlet.ModelAndView org.springframework.boot.autoconfigure.web.servlet.error.BasicErrorController.errorHtml(javax.servlet.http.HttpServletRequest,javax.servlet.http.HttpServletResponse)
2018-09-25 21:08:31.794 [main] INFO  o.s.web.servlet.handler.SimpleUrlHandlerMapping - Mapped URL path [/webjars/**] onto handler of type [class org.springframework.web.servlet.resource.ResourceHttpRequestHandler]
2018-09-25 21:08:31.794 [main] INFO  o.s.web.servlet.handler.SimpleUrlHandlerMapping - Mapped URL path [/**] onto handler of type [class org.springframework.web.servlet.resource.ResourceHttpRequestHandler]
2018-09-25 21:08:31.899 [main] WARN  org.thymeleaf.templatemode.TemplateMode - [THYMELEAF][main] Template Mode 'HTML5' is deprecated. Using Template Mode 'HTML' instead.
2018-09-25 21:08:32.009 [main] INFO  o.s.b.a.web.servlet.WelcomePageHandlerMapping - Adding welcome page template: index
2018-09-25 21:08:32.570 [main] INFO  o.s.jmx.export.annotation.AnnotationMBeanExporter - Registering beans for JMX exposure on startup
2018-09-25 21:08:32.570 [main] INFO  o.s.jmx.export.annotation.AnnotationMBeanExporter - Bean with name 'dataSource' has been autodetected for JMX exposure
2018-09-25 21:08:32.585 [main] INFO  o.s.jmx.export.annotation.AnnotationMBeanExporter - Located MBean 'dataSource': registering with JMX server as MBean [com.zaxxer.hikari:name=dataSource,type=HikariDataSource]
2018-09-25 21:08:32.601 [main] INFO  org.apache.coyote.http11.Http11NioProtocol - Starting ProtocolHandler ["http-nio-8080"]
2018-09-25 21:08:32.616 [main] INFO  org.apache.tomcat.util.net.NioSelectorPool - Using a shared selector for servlet write/read
2018-09-25 21:08:32.648 [main] INFO  o.s.boot.web.embedded.tomcat.TomcatWebServer - Tomcat started on port(s): 8080 (http) with context path ''
2018-09-25 21:08:32.663 [main] INFO  com.zy.traval.TravalApplication - Started TravalApplication in 9.762 seconds (JVM running for 13.642)
2018-09-25 21:08:39.675 [http-nio-8080-exec-1] INFO  o.a.c.core.ContainerBase.[Tomcat].[localhost].[/] - Initializing Spring FrameworkServlet 'dispatcherServlet'
2018-09-25 21:08:39.677 [http-nio-8080-exec-1] INFO  org.springframework.web.servlet.DispatcherServlet - FrameworkServlet 'dispatcherServlet': initialization started
2018-09-25 21:08:39.752 [http-nio-8080-exec-1] INFO  org.springframework.web.servlet.DispatcherServlet - FrameworkServlet 'dispatcherServlet': initialization completed in 75 ms
2018-09-25 21:12:15.830 [main] INFO  o.s.b.t.context.SpringBootTestContextBootstrapper - Neither @ContextConfiguration nor @ContextHierarchy found for test class [com.zy.traval.TravalApplicationTests], using SpringBootContextLoader
2018-09-25 21:12:15.845 [main] INFO  o.s.test.context.support.AbstractContextLoader - Could not detect default resource locations for test class [com.zy.traval.TravalApplicationTests]: no resource found for suffixes {-context.xml, Context.groovy}.
2018-09-25 21:12:15.845 [main] INFO  o.s.t.c.support.AnnotationConfigContextLoaderUtils - Could not detect default configuration classes for test class [com.zy.traval.TravalApplicationTests]: TravalApplicationTests does not declare any static, non-private, non-final, nested classes annotated with @Configuration.
2018-09-25 21:12:16.017 [main] INFO  o.s.b.t.context.SpringBootTestContextBootstrapper - Found @SpringBootConfiguration com.zy.traval.TravalApplication for test class com.zy.traval.TravalApplicationTests
2018-09-25 21:12:16.222 [main] INFO  o.s.b.t.context.SpringBootTestContextBootstrapper - Loaded default TestExecutionListener class names from location [META-INF/spring.factories]: [org.springframework.boot.test.mock.mockito.MockitoTestExecutionListener, org.springframework.boot.test.mock.mockito.ResetMocksTestExecutionListener, org.springframework.boot.test.autoconfigure.restdocs.RestDocsTestExecutionListener, org.springframework.boot.test.autoconfigure.web.client.MockRestServiceServerResetTestExecutionListener, org.springframework.boot.test.autoconfigure.web.servlet.MockMvcPrintOnlyOnFailureTestExecutionListener, org.springframework.boot.test.autoconfigure.web.servlet.WebDriverTestExecutionListener, org.springframework.test.context.web.ServletTestExecutionListener, org.springframework.test.context.support.DirtiesContextBeforeModesTestExecutionListener, org.springframework.test.context.support.DependencyInjectionTestExecutionListener, org.springframework.test.context.support.DirtiesContextTestExecutionListener, org.springframework.test.context.transaction.TransactionalTestExecutionListener, org.springframework.test.context.jdbc.SqlScriptsTestExecutionListener]
2018-09-25 21:12:16.253 [main] INFO  o.s.b.t.context.SpringBootTestContextBootstrapper - Using TestExecutionListeners: [org.springframework.test.context.web.ServletTestExecutionListener@14ca7df, org.springframework.test.context.support.DirtiesContextBeforeModesTestExecutionListener@138a206, org.springframework.boot.test.mock.mockito.MockitoTestExecutionListener@d3eec0, org.springframework.boot.test.autoconfigure.SpringBootDependencyInjectionTestExecutionListener@4fa0a, org.springframework.test.context.support.DirtiesContextTestExecutionListener@f2d44a, org.springframework.test.context.transaction.TransactionalTestExecutionListener@d87d80, org.springframework.test.context.jdbc.SqlScriptsTestExecutionListener@18425b5, org.springframework.boot.test.mock.mockito.ResetMocksTestExecutionListener@695725, org.springframework.boot.test.autoconfigure.restdocs.RestDocsTestExecutionListener@3588e6, org.springframework.boot.test.autoconfigure.web.client.MockRestServiceServerResetTestExecutionListener@15acb9d, org.springframework.boot.test.autoconfigure.web.servlet.MockMvcPrintOnlyOnFailureTestExecutionListener@1b3ee4e, org.springframework.boot.test.autoconfigure.web.servlet.WebDriverTestExecutionListener@17148e2]
2018-09-25 21:12:16.758 [main] INFO  com.zy.traval.TravalApplicationTests - Starting TravalApplicationTests on Jimy-PC with PID 3176 (started by Jimy in H:\traval)
2018-09-25 21:12:16.758 [main] INFO  com.zy.traval.TravalApplicationTests - No active profile set, falling back to default profiles: default
2018-09-25 21:12:16.804 [main] INFO  o.s.w.context.support.GenericWebApplicationContext - Refreshing org.springframework.web.context.support.GenericWebApplicationContext@2a7222: startup date [Tue Sep 25 21:12:16 CST 2018]; root of context hierarchy
2018-09-25 21:12:18.556 [main] INFO  o.s.c.s.PostProcessorRegistrationDelegate$BeanPostProcessorChecker - Bean 'org.springframework.transaction.annotation.ProxyTransactionManagementConfiguration' of type [org.springframework.transaction.annotation.ProxyTransactionManagementConfiguration$$EnhancerBySpringCGLIB$$64665e5c] is not eligible for getting processed by all BeanPostProcessors (for example: not eligible for auto-proxying)
2018-09-25 21:12:18.977 [main] INFO  o.s.orm.jpa.LocalContainerEntityManagerFactoryBean - Building JPA container EntityManagerFactory for persistence unit 'default'
2018-09-25 21:12:19.008 [main] INFO  org.hibernate.jpa.internal.util.LogHelper - HHH000204: Processing PersistenceUnitInfo [
	name: default
	...]
2018-09-25 21:12:19.118 [main] INFO  org.hibernate.Version - HHH000412: Hibernate Core {5.2.17.Final}
2018-09-25 21:12:19.118 [main] INFO  org.hibernate.cfg.Environment - HHH000206: hibernate.properties not found
2018-09-25 21:12:19.182 [main] INFO  org.hibernate.annotations.common.Version - HCANN000001: Hibernate Commons Annotations {5.0.1.Final}
2018-09-25 21:12:19.354 [main] INFO  com.zaxxer.hikari.HikariDataSource - HikariPool-1 - Starting...
2018-09-25 21:12:19.765 [main] INFO  com.zaxxer.hikari.HikariDataSource - HikariPool-1 - Start completed.
2018-09-25 21:12:19.796 [main] INFO  org.hibernate.dialect.Dialect - HHH000400: Using dialect: org.hibernate.dialect.MySQL5Dialect
2018-09-25 21:12:21.093 [main] INFO  o.s.orm.jpa.LocalContainerEntityManagerFactoryBean - Initialized JPA EntityManagerFactory for persistence unit 'default'
2018-09-25 21:12:22.029 [main] INFO  o.s.web.servlet.handler.SimpleUrlHandlerMapping - Mapped URL path [/**/favicon.ico] onto handler of type [class org.springframework.web.servlet.resource.ResourceHttpRequestHandler]
2018-09-25 21:12:22.457 [main] INFO  o.s.w.s.m.m.a.RequestMappingHandlerAdapter - Looking for @ControllerAdvice: org.springframework.web.context.support.GenericWebApplicationContext@2a7222: startup date [Tue Sep 25 21:12:16 CST 2018]; root of context hierarchy
2018-09-25 21:12:22.520 [main] WARN  o.s.b.a.o.j.JpaBaseConfiguration$JpaWebConfiguration$JpaWebMvcConfiguration - spring.jpa.open-in-view is enabled by default. Therefore, database queries may be performed during view rendering. Explicitly configure spring.jpa.open-in-view to disable this warning
2018-09-25 21:12:22.566 [main] INFO  o.s.w.s.m.m.a.RequestMappingHandlerMapping - Mapped "{[/index]}" onto public java.lang.String com.zy.traval.controller.TestController.index(org.springframework.ui.Model)
2018-09-25 21:12:22.582 [main] INFO  o.s.w.s.m.m.a.RequestMappingHandlerMapping - Mapped "{[/test]}" onto public com.zy.traval.common.util.ResponMap com.zy.traval.controller.TestController.test()
2018-09-25 21:12:22.582 [main] INFO  o.s.w.s.m.m.a.RequestMappingHandlerMapping - Mapped "{[/test2]}" onto public java.lang.String com.zy.traval.controller.TestController.all()
2018-09-25 21:12:22.582 [main] INFO  o.s.w.s.m.m.a.RequestMappingHandlerMapping - Mapped "{[/error]}" onto public org.springframework.http.ResponseEntity<java.util.Map<java.lang.String, java.lang.Object>> org.springframework.boot.autoconfigure.web.servlet.error.BasicErrorController.error(javax.servlet.http.HttpServletRequest)
2018-09-25 21:12:22.582 [main] INFO  o.s.w.s.m.m.a.RequestMappingHandlerMapping - Mapped "{[/error],produces=[text/html]}" onto public org.springframework.web.servlet.ModelAndView org.springframework.boot.autoconfigure.web.servlet.error.BasicErrorController.errorHtml(javax.servlet.http.HttpServletRequest,javax.servlet.http.HttpServletResponse)
2018-09-25 21:12:22.644 [main] INFO  o.s.web.servlet.handler.SimpleUrlHandlerMapping - Mapped URL path [/webjars/**] onto handler of type [class org.springframework.web.servlet.resource.ResourceHttpRequestHandler]
2018-09-25 21:12:22.644 [main] INFO  o.s.web.servlet.handler.SimpleUrlHandlerMapping - Mapped URL path [/**] onto handler of type [class org.springframework.web.servlet.resource.ResourceHttpRequestHandler]
2018-09-25 21:12:22.816 [main] WARN  org.thymeleaf.templatemode.TemplateMode - [THYMELEAF][main] Template Mode 'HTML5' is deprecated. Using Template Mode 'HTML' instead.
2018-09-25 21:12:22.894 [main] INFO  o.s.b.a.web.servlet.WelcomePageHandlerMapping - Adding welcome page template: index
2018-09-25 21:12:23.287 [main] INFO  com.zy.traval.TravalApplicationTests - Started TravalApplicationTests in 6.971 seconds (JVM running for 8.436)
2018-09-25 21:12:23.505 [Thread-2] INFO  o.s.w.context.support.GenericWebApplicationContext - Closing org.springframework.web.context.support.GenericWebApplicationContext@2a7222: startup date [Tue Sep 25 21:12:16 CST 2018]; root of context hierarchy
2018-09-25 21:12:23.521 [Thread-2] INFO  o.s.orm.jpa.LocalContainerEntityManagerFactoryBean - Closing JPA EntityManagerFactory for persistence unit 'default'
2018-09-25 21:12:23.521 [Thread-2] INFO  com.zaxxer.hikari.HikariDataSource - HikariPool-1 - Shutdown initiated...
2018-09-25 21:12:23.521 [Thread-2] INFO  com.zaxxer.hikari.HikariDataSource - HikariPool-1 - Shutdown completed.
2018-09-25 21:12:58.762 [main] INFO  o.s.b.t.context.SpringBootTestContextBootstrapper - Neither @ContextConfiguration nor @ContextHierarchy found for test class [com.zy.traval.TravalApplicationTests], using SpringBootContextLoader
2018-09-25 21:12:58.778 [main] INFO  o.s.test.context.support.AbstractContextLoader - Could not detect default resource locations for test class [com.zy.traval.TravalApplicationTests]: no resource found for suffixes {-context.xml, Context.groovy}.
2018-09-25 21:12:58.778 [main] INFO  o.s.t.c.support.AnnotationConfigContextLoaderUtils - Could not detect default configuration classes for test class [com.zy.traval.TravalApplicationTests]: TravalApplicationTests does not declare any static, non-private, non-final, nested classes annotated with @Configuration.
2018-09-25 21:12:58.934 [main] INFO  o.s.b.t.context.SpringBootTestContextBootstrapper - Found @SpringBootConfiguration com.zy.traval.TravalApplication for test class com.zy.traval.TravalApplicationTests
2018-09-25 21:12:59.121 [main] INFO  o.s.b.t.context.SpringBootTestContextBootstrapper - Loaded default TestExecutionListener class names from location [META-INF/spring.factories]: [org.springframework.boot.test.mock.mockito.MockitoTestExecutionListener, org.springframework.boot.test.mock.mockito.ResetMocksTestExecutionListener, org.springframework.boot.test.autoconfigure.restdocs.RestDocsTestExecutionListener, org.springframework.boot.test.autoconfigure.web.client.MockRestServiceServerResetTestExecutionListener, org.springframework.boot.test.autoconfigure.web.servlet.MockMvcPrintOnlyOnFailureTestExecutionListener, org.springframework.boot.test.autoconfigure.web.servlet.WebDriverTestExecutionListener, org.springframework.test.context.web.ServletTestExecutionListener, org.springframework.test.context.support.DirtiesContextBeforeModesTestExecutionListener, org.springframework.test.context.support.DependencyInjectionTestExecutionListener, org.springframework.test.context.support.DirtiesContextTestExecutionListener, org.springframework.test.context.transaction.TransactionalTestExecutionListener, org.springframework.test.context.jdbc.SqlScriptsTestExecutionListener]
2018-09-25 21:12:59.152 [main] INFO  o.s.b.t.context.SpringBootTestContextBootstrapper - Using TestExecutionListeners: [org.springframework.test.context.web.ServletTestExecutionListener@14ca7df, org.springframework.test.context.support.DirtiesContextBeforeModesTestExecutionListener@138a206, org.springframework.boot.test.mock.mockito.MockitoTestExecutionListener@d3eec0, org.springframework.boot.test.autoconfigure.SpringBootDependencyInjectionTestExecutionListener@4fa0a, org.springframework.test.context.support.DirtiesContextTestExecutionListener@f2d44a, org.springframework.test.context.transaction.TransactionalTestExecutionListener@d87d80, org.springframework.test.context.jdbc.SqlScriptsTestExecutionListener@18425b5, org.springframework.boot.test.mock.mockito.ResetMocksTestExecutionListener@695725, org.springframework.boot.test.autoconfigure.restdocs.RestDocsTestExecutionListener@3588e6, org.springframework.boot.test.autoconfigure.web.client.MockRestServiceServerResetTestExecutionListener@15acb9d, org.springframework.boot.test.autoconfigure.web.servlet.MockMvcPrintOnlyOnFailureTestExecutionListener@1b3ee4e, org.springframework.boot.test.autoconfigure.web.servlet.WebDriverTestExecutionListener@17148e2]
2018-09-25 21:12:59.558 [main] INFO  com.zy.traval.TravalApplicationTests - Starting TravalApplicationTests on Jimy-PC with PID 3568 (started by Jimy in H:\traval)
2018-09-25 21:12:59.558 [main] INFO  com.zy.traval.TravalApplicationTests - No active profile set, falling back to default profiles: default
2018-09-25 21:12:59.620 [main] INFO  o.s.w.context.support.GenericWebApplicationContext - Refreshing org.springframework.web.context.support.GenericWebApplicationContext@2a7222: startup date [Tue Sep 25 21:12:59 CST 2018]; root of context hierarchy
2018-09-25 21:13:01.492 [main] INFO  o.s.c.s.PostProcessorRegistrationDelegate$BeanPostProcessorChecker - Bean 'org.springframework.transaction.annotation.ProxyTransactionManagementConfiguration' of type [org.springframework.transaction.annotation.ProxyTransactionManagementConfiguration$$EnhancerBySpringCGLIB$$98383be9] is not eligible for getting processed by all BeanPostProcessors (for example: not eligible for auto-proxying)
2018-09-25 21:13:01.882 [main] INFO  o.s.orm.jpa.LocalContainerEntityManagerFactoryBean - Building JPA container EntityManagerFactory for persistence unit 'default'
2018-09-25 21:13:01.913 [main] INFO  org.hibernate.jpa.internal.util.LogHelper - HHH000204: Processing PersistenceUnitInfo [
	name: default
	...]
2018-09-25 21:13:02.022 [main] INFO  org.hibernate.Version - HHH000412: Hibernate Core {5.2.17.Final}
2018-09-25 21:13:02.022 [main] INFO  org.hibernate.cfg.Environment - HHH000206: hibernate.properties not found
2018-09-25 21:13:02.085 [main] INFO  org.hibernate.annotations.common.Version - HCANN000001: Hibernate Commons Annotations {5.0.1.Final}
2018-09-25 21:13:02.259 [main] INFO  com.zaxxer.hikari.HikariDataSource - HikariPool-1 - Starting...
2018-09-25 21:13:02.649 [main] INFO  com.zaxxer.hikari.HikariDataSource - HikariPool-1 - Start completed.
2018-09-25 21:13:02.680 [main] INFO  org.hibernate.dialect.Dialect - HHH000400: Using dialect: org.hibernate.dialect.MySQL5Dialect
2018-09-25 21:13:03.979 [main] INFO  o.s.orm.jpa.LocalContainerEntityManagerFactoryBean - Initialized JPA EntityManagerFactory for persistence unit 'default'
2018-09-25 21:13:04.946 [main] INFO  o.s.web.servlet.handler.SimpleUrlHandlerMapping - Mapped URL path [/**/favicon.ico] onto handler of type [class org.springframework.web.servlet.resource.ResourceHttpRequestHandler]
2018-09-25 21:13:05.374 [main] INFO  o.s.w.s.m.m.a.RequestMappingHandlerAdapter - Looking for @ControllerAdvice: org.springframework.web.context.support.GenericWebApplicationContext@2a7222: startup date [Tue Sep 25 21:12:59 CST 2018]; root of context hierarchy
2018-09-25 21:13:05.437 [main] WARN  o.s.b.a.o.j.JpaBaseConfiguration$JpaWebConfiguration$JpaWebMvcConfiguration - spring.jpa.open-in-view is enabled by default. Therefore, database queries may be performed during view rendering. Explicitly configure spring.jpa.open-in-view to disable this warning
2018-09-25 21:13:05.484 [main] INFO  o.s.w.s.m.m.a.RequestMappingHandlerMapping - Mapped "{[/index]}" onto public java.lang.String com.zy.traval.controller.TestController.index(org.springframework.ui.Model)
2018-09-25 21:13:05.484 [main] INFO  o.s.w.s.m.m.a.RequestMappingHandlerMapping - Mapped "{[/test]}" onto public com.zy.traval.common.util.ResponMap com.zy.traval.controller.TestController.test()
2018-09-25 21:13:05.484 [main] INFO  o.s.w.s.m.m.a.RequestMappingHandlerMapping - Mapped "{[/test2]}" onto public java.lang.String com.zy.traval.controller.TestController.all()
2018-09-25 21:13:05.484 [main] INFO  o.s.w.s.m.m.a.RequestMappingHandlerMapping - Mapped "{[/error]}" onto public org.springframework.http.ResponseEntity<java.util.Map<java.lang.String, java.lang.Object>> org.springframework.boot.autoconfigure.web.servlet.error.BasicErrorController.error(javax.servlet.http.HttpServletRequest)
2018-09-25 21:13:05.499 [main] INFO  o.s.w.s.m.m.a.RequestMappingHandlerMapping - Mapped "{[/error],produces=[text/html]}" onto public org.springframework.web.servlet.ModelAndView org.springframework.boot.autoconfigure.web.servlet.error.BasicErrorController.errorHtml(javax.servlet.http.HttpServletRequest,javax.servlet.http.HttpServletResponse)
2018-09-25 21:13:05.546 [main] INFO  o.s.web.servlet.handler.SimpleUrlHandlerMapping - Mapped URL path [/webjars/**] onto handler of type [class org.springframework.web.servlet.resource.ResourceHttpRequestHandler]
2018-09-25 21:13:05.546 [main] INFO  o.s.web.servlet.handler.SimpleUrlHandlerMapping - Mapped URL path [/**] onto handler of type [class org.springframework.web.servlet.resource.ResourceHttpRequestHandler]
2018-09-25 21:13:05.640 [main] WARN  org.thymeleaf.templatemode.TemplateMode - [THYMELEAF][main] Template Mode 'HTML5' is deprecated. Using Template Mode 'HTML' instead.
2018-09-25 21:13:05.718 [main] INFO  o.s.b.a.web.servlet.WelcomePageHandlerMapping - Adding welcome page template: index
2018-09-25 21:13:06.123 [main] INFO  com.zy.traval.TravalApplicationTests - Started TravalApplicationTests in 6.924 seconds (JVM running for 8.309)
2018-09-25 21:13:06.292 [Thread-2] INFO  o.s.w.context.support.GenericWebApplicationContext - Closing org.springframework.web.context.support.GenericWebApplicationContext@2a7222: startup date [Tue Sep 25 21:12:59 CST 2018]; root of context hierarchy
2018-09-25 21:13:06.292 [Thread-2] INFO  o.s.orm.jpa.LocalContainerEntityManagerFactoryBean - Closing JPA EntityManagerFactory for persistence unit 'default'
2018-09-25 21:13:06.292 [Thread-2] INFO  com.zaxxer.hikari.HikariDataSource - HikariPool-1 - Shutdown initiated...
2018-09-25 21:13:06.307 [Thread-2] INFO  com.zaxxer.hikari.HikariDataSource - HikariPool-1 - Shutdown completed.
2018-09-25 21:19:06.072 [main] INFO  o.s.b.t.context.SpringBootTestContextBootstrapper - Neither @ContextConfiguration nor @ContextHierarchy found for test class [com.zy.traval.TravalApplicationTests], using SpringBootContextLoader
2018-09-25 21:19:06.082 [main] INFO  o.s.test.context.support.AbstractContextLoader - Could not detect default resource locations for test class [com.zy.traval.TravalApplicationTests]: no resource found for suffixes {-context.xml, Context.groovy}.
2018-09-25 21:19:06.085 [main] INFO  o.s.t.c.support.AnnotationConfigContextLoaderUtils - Could not detect default configuration classes for test class [com.zy.traval.TravalApplicationTests]: TravalApplicationTests does not declare any static, non-private, non-final, nested classes annotated with @Configuration.
2018-09-25 21:19:06.247 [main] INFO  o.s.b.t.context.SpringBootTestContextBootstrapper - Found @SpringBootConfiguration com.zy.traval.TravalApplication for test class com.zy.traval.TravalApplicationTests
2018-09-25 21:19:06.425 [main] INFO  o.s.b.t.context.SpringBootTestContextBootstrapper - Loaded default TestExecutionListener class names from location [META-INF/spring.factories]: [org.springframework.boot.test.mock.mockito.MockitoTestExecutionListener, org.springframework.boot.test.mock.mockito.ResetMocksTestExecutionListener, org.springframework.boot.test.autoconfigure.restdocs.RestDocsTestExecutionListener, org.springframework.boot.test.autoconfigure.web.client.MockRestServiceServerResetTestExecutionListener, org.springframework.boot.test.autoconfigure.web.servlet.MockMvcPrintOnlyOnFailureTestExecutionListener, org.springframework.boot.test.autoconfigure.web.servlet.WebDriverTestExecutionListener, org.springframework.test.context.web.ServletTestExecutionListener, org.springframework.test.context.support.DirtiesContextBeforeModesTestExecutionListener, org.springframework.test.context.support.DependencyInjectionTestExecutionListener, org.springframework.test.context.support.DirtiesContextTestExecutionListener, org.springframework.test.context.transaction.TransactionalTestExecutionListener, org.springframework.test.context.jdbc.SqlScriptsTestExecutionListener]
2018-09-25 21:19:06.455 [main] INFO  o.s.b.t.context.SpringBootTestContextBootstrapper - Using TestExecutionListeners: [org.springframework.test.context.web.ServletTestExecutionListener@16b88f5, org.springframework.test.context.support.DirtiesContextBeforeModesTestExecutionListener@1f9ce3e, org.springframework.boot.test.mock.mockito.MockitoTestExecutionListener@610890, org.springframework.boot.test.autoconfigure.SpringBootDependencyInjectionTestExecutionListener@1def8f8, org.springframework.test.context.support.DirtiesContextTestExecutionListener@3bfa16, org.springframework.test.context.transaction.TransactionalTestExecutionListener@1465b11, org.springframework.test.context.jdbc.SqlScriptsTestExecutionListener@1fdffa1, org.springframework.boot.test.mock.mockito.ResetMocksTestExecutionListener@162c41e, org.springframework.boot.test.autoconfigure.restdocs.RestDocsTestExecutionListener@ee6fee, org.springframework.boot.test.autoconfigure.web.client.MockRestServiceServerResetTestExecutionListener@10f2471, org.springframework.boot.test.autoconfigure.web.servlet.MockMvcPrintOnlyOnFailureTestExecutionListener@133da86, org.springframework.boot.test.autoconfigure.web.servlet.WebDriverTestExecutionListener@32a28a]
2018-09-25 21:19:06.892 [main] INFO  com.zy.traval.TravalApplicationTests - Starting TravalApplicationTests on Jimy-PC with PID 2652 (started by Jimy in H:\traval)
2018-09-25 21:19:06.895 [main] INFO  com.zy.traval.TravalApplicationTests - No active profile set, falling back to default profiles: default
2018-09-25 21:19:06.960 [main] INFO  o.s.w.context.support.GenericWebApplicationContext - Refreshing org.springframework.web.context.support.GenericWebApplicationContext@4f4a5c: startup date [Tue Sep 25 21:19:06 CST 2018]; root of context hierarchy
2018-09-25 21:19:08.808 [main] INFO  o.s.c.s.PostProcessorRegistrationDelegate$BeanPostProcessorChecker - Bean 'org.springframework.transaction.annotation.ProxyTransactionManagementConfiguration' of type [org.springframework.transaction.annotation.ProxyTransactionManagementConfiguration$$EnhancerBySpringCGLIB$$ffa338c8] is not eligible for getting processed by all BeanPostProcessors (for example: not eligible for auto-proxying)
2018-09-25 21:19:09.180 [main] INFO  o.s.orm.jpa.LocalContainerEntityManagerFactoryBean - Building JPA container EntityManagerFactory for persistence unit 'default'
2018-09-25 21:19:09.208 [main] INFO  org.hibernate.jpa.internal.util.LogHelper - HHH000204: Processing PersistenceUnitInfo [
	name: default
	...]
2018-09-25 21:19:09.323 [main] INFO  org.hibernate.Version - HHH000412: Hibernate Core {5.2.17.Final}
2018-09-25 21:19:09.325 [main] INFO  org.hibernate.cfg.Environment - HHH000206: hibernate.properties not found
2018-09-25 21:19:09.385 [main] INFO  org.hibernate.annotations.common.Version - HCANN000001: Hibernate Commons Annotations {5.0.1.Final}
2018-09-25 21:19:09.563 [main] INFO  com.zaxxer.hikari.HikariDataSource - HikariPool-1 - Starting...
2018-09-25 21:19:09.983 [main] INFO  com.zaxxer.hikari.HikariDataSource - HikariPool-1 - Start completed.
2018-09-25 21:19:10.008 [main] INFO  org.hibernate.dialect.Dialect - HHH000400: Using dialect: org.hibernate.dialect.MySQL5Dialect
2018-09-25 21:19:11.388 [main] INFO  o.s.orm.jpa.LocalContainerEntityManagerFactoryBean - Initialized JPA EntityManagerFactory for persistence unit 'default'
2018-09-25 21:19:12.318 [main] INFO  o.s.web.servlet.handler.SimpleUrlHandlerMapping - Mapped URL path [/**/favicon.ico] onto handler of type [class org.springframework.web.servlet.resource.ResourceHttpRequestHandler]
2018-09-25 21:19:12.755 [main] INFO  o.s.w.s.m.m.a.RequestMappingHandlerAdapter - Looking for @ControllerAdvice: org.springframework.web.context.support.GenericWebApplicationContext@4f4a5c: startup date [Tue Sep 25 21:19:06 CST 2018]; root of context hierarchy
2018-09-25 21:19:12.818 [main] WARN  o.s.b.a.o.j.JpaBaseConfiguration$JpaWebConfiguration$JpaWebMvcConfiguration - spring.jpa.open-in-view is enabled by default. Therefore, database queries may be performed during view rendering. Explicitly configure spring.jpa.open-in-view to disable this warning
2018-09-25 21:19:12.875 [main] INFO  o.s.w.s.m.m.a.RequestMappingHandlerMapping - Mapped "{[/index]}" onto public java.lang.String com.zy.traval.controller.TestController.index(org.springframework.ui.Model)
2018-09-25 21:19:12.875 [main] INFO  o.s.w.s.m.m.a.RequestMappingHandlerMapping - Mapped "{[/test]}" onto public com.zy.traval.common.util.ResponMap com.zy.traval.controller.TestController.test()
2018-09-25 21:19:12.878 [main] INFO  o.s.w.s.m.m.a.RequestMappingHandlerMapping - Mapped "{[/test2]}" onto public java.lang.String com.zy.traval.controller.TestController.all()
2018-09-25 21:19:12.880 [main] INFO  o.s.w.s.m.m.a.RequestMappingHandlerMapping - Mapped "{[/error]}" onto public org.springframework.http.ResponseEntity<java.util.Map<java.lang.String, java.lang.Object>> org.springframework.boot.autoconfigure.web.servlet.error.BasicErrorController.error(javax.servlet.http.HttpServletRequest)
2018-09-25 21:19:12.880 [main] INFO  o.s.w.s.m.m.a.RequestMappingHandlerMapping - Mapped "{[/error],produces=[text/html]}" onto public org.springframework.web.servlet.ModelAndView org.springframework.boot.autoconfigure.web.servlet.error.BasicErrorController.errorHtml(javax.servlet.http.HttpServletRequest,javax.servlet.http.HttpServletResponse)
2018-09-25 21:19:12.943 [main] INFO  o.s.web.servlet.handler.SimpleUrlHandlerMapping - Mapped URL path [/webjars/**] onto handler of type [class org.springframework.web.servlet.resource.ResourceHttpRequestHandler]
2018-09-25 21:19:12.943 [main] INFO  o.s.web.servlet.handler.SimpleUrlHandlerMapping - Mapped URL path [/**] onto handler of type [class org.springframework.web.servlet.resource.ResourceHttpRequestHandler]
2018-09-25 21:19:13.063 [main] WARN  org.thymeleaf.templatemode.TemplateMode - [THYMELEAF][main] Template Mode 'HTML5' is deprecated. Using Template Mode 'HTML' instead.
2018-09-25 21:19:13.165 [main] INFO  o.s.b.a.web.servlet.WelcomePageHandlerMapping - Adding welcome page template: index
2018-09-25 21:19:13.558 [main] INFO  com.zy.traval.TravalApplicationTests - Started TravalApplicationTests in 7.05 seconds (JVM running for 8.382)
2018-09-25 21:19:13.735 [Thread-2] INFO  o.s.w.context.support.GenericWebApplicationContext - Closing org.springframework.web.context.support.GenericWebApplicationContext@4f4a5c: startup date [Tue Sep 25 21:19:06 CST 2018]; root of context hierarchy
2018-09-25 21:19:13.740 [Thread-2] INFO  o.s.orm.jpa.LocalContainerEntityManagerFactoryBean - Closing JPA EntityManagerFactory for persistence unit 'default'
2018-09-25 21:19:13.743 [Thread-2] INFO  com.zaxxer.hikari.HikariDataSource - HikariPool-1 - Shutdown initiated...
2018-09-25 21:19:13.748 [Thread-2] INFO  com.zaxxer.hikari.HikariDataSource - HikariPool-1 - Shutdown completed.
